actionid: tox
msg: packaging
cmdargs: ['/usr/local/bin/python3', local('/Volumes/Backup/Development/projects/hiss/trunk/setup.py'), 'sdist', '--formats=zip', '--dist-dir', local('/Volumes/Backup/Development/projects/hiss/trunk/.tox/dist')]
env: None

running sdist
running egg_info
writing top-level names to build/hiss.egg-info/top_level.txt
writing build/hiss.egg-info/PKG-INFO
writing dependency_links to build/hiss.egg-info/dependency_links.txt
writing requirements to build/hiss.egg-info/requires.txt
reading manifest file 'build/hiss.egg-info/SOURCES.txt'
reading manifest template 'MANIFEST.in'
writing manifest file 'build/hiss.egg-info/SOURCES.txt'
running check
creating hiss-0.1.0
creating hiss-0.1.0/build
creating hiss-0.1.0/build/hiss.egg-info
creating hiss-0.1.0/src
creating hiss-0.1.0/src/hiss
creating hiss-0.1.0/src/hiss/handler
making hard links in hiss-0.1.0...
hard linking MANIFEST.in -> hiss-0.1.0
error: MANIFEST.in: Operation not supported
